{
  "stats": {
    "suites": 2,
    "tests": 2,
    "passes": 2,
    "pending": 0,
    "failures": 0,
    "start": "2020-04-20T15:05:19.709Z",
    "end": "2020-04-20T15:06:03.138Z",
    "duration": 43429,
    "testsRegistered": 2,
    "passPercent": 100,
    "pendingPercent": 0,
    "other": 0,
    "hasOther": false,
    "skipped": 0,
    "hasSkipped": false
  },
  "results": [
    {
      "uuid": "ac114028-79ca-4927-911c-1ba35dd94e62",
      "title": "",
      "fullFile": "cypress\\integration\\testePrincipal.js",
      "file": "cypress\\integration\\testePrincipal.js",
      "beforeHooks": [],
      "afterHooks": [],
      "tests": [],
      "suites": [
        {
          "uuid": "4956c3f6-5152-4bfd-a75d-3ff7e23a72d9",
          "title": "Simulador de Investimento",
          "fullFile": "",
          "file": "",
          "beforeHooks": [],
          "afterHooks": [],
          "tests": [],
          "suites": [
            {
              "uuid": "8e4c756c-fb85-4d80-8dc6-858cff3c9fd0",
              "title": "Formulário do simulador de investimento",
              "fullFile": "",
              "file": "",
              "beforeHooks": [],
              "afterHooks": [],
              "tests": [
                {
                  "title": "Testar valores na simulação de investimento",
                  "fullTitle": "Simulador de Investimento Formulário do simulador de investimento Testar valores na simulação de investimento",
                  "timedOut": null,
                  "duration": 36463,
                  "state": "passed",
                  "speed": "slow",
                  "pass": true,
                  "fail": false,
                  "pending": false,
                  "context": null,
                  "code": "cy.request(Cypress.env('api')).should(function (response) {\n    var meses = response.body.meses;\n    var valores = response.body.valor;\n    console.log(meses);\n    console.log(valores);\n    meses.forEach(function (mes) {\n        valores.forEach(function (valor) {\n            cy.get(\"#valorAplicar\").type(valor);\n            cy.get(\"#valorInvestir\").type(valor);\n            cy.get(\"#tempo\").type(mes);\n            cy.get(\".simular > .btn\").click();\n            cy.get(\".blocoResultadoSimulacao > .texto\").should('have.text', 'Em ' + mes + ' meses você terá guardado');\n            cy.reload();\n        });\n    });\n});",
                  "err": {},
                  "uuid": "5cf6e270-e081-4cf5-a096-c91c1d39b12c",
                  "parentUUID": "8e4c756c-fb85-4d80-8dc6-858cff3c9fd0",
                  "isHook": false,
                  "skipped": false
                },
                {
                  "title": "Testar valor zerado no formulario",
                  "fullTitle": "Simulador de Investimento Formulário do simulador de investimento Testar valor zerado no formulario",
                  "timedOut": null,
                  "duration": 2946,
                  "state": "passed",
                  "speed": "slow",
                  "pass": true,
                  "fail": false,
                  "pending": false,
                  "context": null,
                  "code": "cy.get(\"#valorAplicar\").type(\"00,00\");\ncy.get(\"#valorInvestir\").type(\"00,00\");\ncy.get(\"#tempo\").type(\"12\");\ncy.get(\".simular > .btn\").click();\ncy.get(\"#valorAplicar-error\").should('be.visible');",
                  "err": {},
                  "uuid": "9d1db75c-65d9-4233-8c65-33a101738f39",
                  "parentUUID": "8e4c756c-fb85-4d80-8dc6-858cff3c9fd0",
                  "isHook": false,
                  "skipped": false
                }
              ],
              "suites": [],
              "passes": [
                "5cf6e270-e081-4cf5-a096-c91c1d39b12c",
                "9d1db75c-65d9-4233-8c65-33a101738f39"
              ],
              "failures": [],
              "pending": [],
              "skipped": [],
              "duration": 39409,
              "root": false,
              "rootEmpty": false,
              "_timeout": 2000
            }
          ],
          "passes": [],
          "failures": [],
          "pending": [],
          "skipped": [],
          "duration": 0,
          "root": false,
          "rootEmpty": false,
          "_timeout": 2000
        }
      ],
      "passes": [],
      "failures": [],
      "pending": [],
      "skipped": [],
      "duration": 0,
      "root": true,
      "rootEmpty": true,
      "_timeout": 2000
    }
  ],
  "meta": {
    "mocha": {
      "version": "7.1.1"
    },
    "mochawesome": {
      "options": {
        "quiet": false,
        "reportFilename": "mochawesome",
        "saveHtml": true,
        "saveJson": true,
        "consoleReporter": "spec",
        "useInlineDiffs": false,
        "code": true
      },
      "version": "6.1.0"
    },
    "marge": {
      "options": {},
      "version": "5.1.0"
    }
  }
}